Traceback (most recent call last):
  File "/usr/local/lib/python3.9/site-packages/jupyter_cache/executors/utils.py", line 51, in single_nb_execution
    executenb(
  File "/usr/local/lib/python3.9/site-packages/nbclient/client.py", line 1204, in execute
    return NotebookClient(nb=nb, resources=resources, km=km, **kwargs).execute()
  File "/usr/local/lib/python3.9/site-packages/nbclient/util.py", line 84, in wrapped
    return just_run(coro(*args, **kwargs))
  File "/usr/local/lib/python3.9/site-packages/nbclient/util.py", line 62, in just_run
    return loop.run_until_complete(coro)
  File "/usr/local/Cellar/python@3.9/3.9.13_1/Frameworks/Python.framework/Versions/3.9/lib/python3.9/asyncio/base_events.py", line 647, in run_until_complete
    return future.result()
  File "/usr/local/lib/python3.9/site-packages/nbclient/client.py", line 663, in async_execute
    await self.async_execute_cell(
  File "/usr/local/lib/python3.9/site-packages/nbclient/client.py", line 965, in async_execute_cell
    await self._check_raise_for_error(cell, cell_index, exec_reply)
  File "/usr/local/lib/python3.9/site-packages/nbclient/client.py", line 862, in _check_raise_for_error
    raise CellExecutionError.from_cell_and_msg(cell, exec_reply_content)
nbclient.exceptions.CellExecutionError: An error occurred while executing the following cell:
------------------
from sandbox.tsa.sarimax import SARIMAXModel

sarimax = SARIMAXModel(trend="c", s=12, trace=True)
sarimax.fit(psgr_train)
------------------

[0;31m---------------------------------------------------------------------------[0m
[0;31mAttributeError[0m                            Traceback (most recent call last)
Input [0;32mIn [28][0m, in [0;36m<cell line: 4>[0;34m()[0m
[1;32m      1[0m [38;5;28;01mfrom[39;00m [38;5;21;01msandbox[39;00m[38;5;21;01m.[39;00m[38;5;21;01mtsa[39;00m[38;5;21;01m.[39;00m[38;5;21;01msarimax[39;00m [38;5;28;01mimport[39;00m SARIMAXModel
[1;32m      3[0m sarimax [38;5;241m=[39m SARIMAXModel(trend[38;5;241m=[39m[38;5;124m"[39m[38;5;124mc[39m[38;5;124m"[39m, s[38;5;241m=[39m[38;5;241m12[39m, trace[38;5;241m=[39m[38;5;28;01mTrue[39;00m)
[0;32m----> 4[0m [43msarimax[49m[38;5;241;43m.[39;49m[43mfit[49m[43m([49m[43mpsgr_train[49m[43m)[49m

File [0;32m/usr/local/lib/python3.9/site-packages/sandbox-0.0.0-py3.9.egg/sandbox/tsa/base.py:28[0m, in [0;36m_BaseModelMeta.wrapper_fit.<locals>._wrapped[0;34m(self, X, y, **kwargs)[0m
[1;32m     26[0m [38;5;129m@functools[39m[38;5;241m.[39mwraps(child_fit)
[1;32m     27[0m [38;5;28;01mdef[39;00m [38;5;21m_wrapped[39m([38;5;28mself[39m, X, y[38;5;241m=[39m[38;5;28;01mNone[39;00m, [38;5;241m*[39m[38;5;241m*[39mkwargs):
[0;32m---> 28[0m     [43mchild_fit[49m[43m([49m[38;5;28;43mself[39;49m[43m,[49m[43m [49m[43mX[49m[38;5;241;43m=[39;49m[43mX[49m[43m,[49m[43m [49m[43my[49m[38;5;241;43m=[39;49m[43my[49m[43m,[49m[43m [49m[38;5;241;43m*[39;49m[38;5;241;43m*[39;49m[43mkwargs[49m[43m)[49m
[1;32m     29[0m     [38;5;28;01mreturn[39;00m [38;5;28mself[39m

File [0;32m/usr/local/lib/python3.9/site-packages/sandbox-0.0.0-py3.9.egg/sandbox/tsa/sarimax.py:249[0m, in [0;36mSARIMAXModel.fit[0;34m(self, X, y, **kwargs)[0m
[1;32m    246[0m [38;5;66;03m# ã“ã®ãƒ¢ã‚¸ãƒ¥ãƒ¼ãƒ«ã§æä¾›ã—ã¦ã„ã‚‹ãƒ‡ãƒ¼ã‚¿ã‚¯ãƒ©ã‚¹ã«å¤‰æ›.[39;00m
[1;32m    247[0m [38;5;28mself[39m[38;5;241m.[39mdata_ [38;5;241m=[39m TimeSeriesModelData(X, y)
[1;32m    248[0m [38;5;28mself[39m[38;5;241m.[39mmodel_result_ [38;5;241m=[39m [38;5;28mself[39m[38;5;241m.[39m_get_model_result(
[0;32m--> 249[0m     endog[38;5;241m=[39m[38;5;28mself[39m[38;5;241m.[39mdata_[38;5;241m.[39my[38;5;241m.[39mvalues, exog[38;5;241m=[39m[38;5;28;43mself[39;49m[38;5;241;43m.[39;49m[43mdata_[49m[38;5;241;43m.[39;49m[43mX[49m[38;5;241;43m.[39;49m[43mvalues[49m
[1;32m    250[0m )
[1;32m    251[0m [38;5;28;01mreturn[39;00m [38;5;28mself[39m

[0;31mAttributeError[0m: 'NoneType' object has no attribute 'values'
AttributeError: 'NoneType' object has no attribute 'values'

